[1109/233912.773:ERROR:process_reader_win.cc(151)] SuspendThread: 存取被拒。 (0x5)
[1109/233912.774:ERROR:process_reader_win.cc(151)] SuspendThread: 存取被拒。 (0x5)
[1109/233912.774:ERROR:process_reader_win.cc(151)] SuspendThread: 存取被拒。 (0x5)
[1109/233912.774:ERROR:process_reader_win.cc(151)] SuspendThread: 存取被拒。 (0x5)
[1109/233912.774:ERROR:process_reader_win.cc(151)] SuspendThread: 存取被拒。 (0x5)
[1109/233912.774:ERROR:process_reader_win.cc(151)] SuspendThread: 存取被拒。 (0x5)
[1109/233912.774:ERROR:process_reader_win.cc(151)] SuspendThread: 存取被拒。 (0x5)
[1109/233912.774:ERROR:process_reader_win.cc(151)] SuspendThread: 存取被拒。 (0x5)
[1109/233912.774:ERROR:process_reader_win.cc(151)] SuspendThread: 存取被拒。 (0x5)
[1109/233912.774:ERROR:process_reader_win.cc(151)] SuspendThread: 存取被拒。 (0x5)
[1109/233912.774:ERROR:process_reader_win.cc(151)] SuspendThread: 存取被拒。 (0x5)
[1109/233912.774:ERROR:process_reader_win.cc(151)] SuspendThread: 存取被拒。 (0x5)
[1109/233912.774:ERROR:process_reader_win.cc(151)] SuspendThread: 存取被拒。 (0x5)
[1109/233912.774:ERROR:process_reader_win.cc(151)] SuspendThread: 存取被拒。 (0x5)
[1109/233912.774:ERROR:process_reader_win.cc(151)] SuspendThread: 存取被拒。 (0x5)
[1109/233912.774:ERROR:process_reader_win.cc(151)] SuspendThread: 存取被拒。 (0x5)
[1109/233912.774:ERROR:process_reader_win.cc(151)] SuspendThread: 存取被拒。 (0x5)
[1109/233912.774:ERROR:process_reader_win.cc(151)] SuspendThread: 存取被拒。 (0x5)
[1109/233912.774:ERROR:process_reader_win.cc(151)] SuspendThread: 存取被拒。 (0x5)
[1109/233912.774:ERROR:process_reader_win.cc(151)] SuspendThread: 存取被拒。 (0x5)
[1109/233912.774:ERROR:process_reader_win.cc(151)] SuspendThread: 存取被拒。 (0x5)
[1109/233912.774:ERROR:process_reader_win.cc(151)] SuspendThread: 存取被拒。 (0x5)
[1109/233912.774:ERROR:process_reader_win.cc(151)] SuspendThread: 存取被拒。 (0x5)
[1109/233912.774:ERROR:process_reader_win.cc(151)] SuspendThread: 存取被拒。 (0x5)
[1109/233912.774:ERROR:process_reader_win.cc(151)] SuspendThread: 存取被拒。 (0x5)
[1109/233912.774:ERROR:process_reader_win.cc(151)] SuspendThread: 存取被拒。 (0x5)
[1109/233912.774:ERROR:process_reader_win.cc(151)] SuspendThread: 存取被拒。 (0x5)
[1109/233912.775:ERROR:process_reader_win.cc(151)] SuspendThread: 存取被拒。 (0x5)
[1109/233912.775:ERROR:process_reader_win.cc(151)] SuspendThread: 存取被拒。 (0x5)
[1109/233912.775:ERROR:process_reader_win.cc(151)] SuspendThread: 存取被拒。 (0x5)
[1109/233912.775:ERROR:process_reader_win.cc(151)] SuspendThread: 存取被拒。 (0x5)
[1109/233912.775:ERROR:process_reader_win.cc(151)] SuspendThread: 存取被拒。 (0x5)
[1109/233912.775:ERROR:process_reader_win.cc(151)] SuspendThread: 存取被拒。 (0x5)
[1109/233912.775:ERROR:process_reader_win.cc(151)] SuspendThread: 存取被拒。 (0x5)
[1109/233912.775:ERROR:process_reader_win.cc(151)] SuspendThread: 存取被拒。 (0x5)
[1109/233912.775:ERROR:process_reader_win.cc(123)] NtOpenThread: {拒絕存取} 程序已請求存取一物件，但未被授與存取權。 (0xc0000022)
[1109/233912.776:ERROR:exception_snapshot_win.cc(98)] thread ID 62328 not found in process
[1110/211356.192:ERROR:process_reader_win.cc(123)] NtOpenThread: {拒絕存取} 程序已請求存取一物件，但未被授與存取權。 (0xc0000022)
[1110/211356.192:ERROR:exception_snapshot_win.cc(98)] thread ID 6436 not found in process
[1111/122709.545:ERROR:process_reader_win.cc(182)] ResumeThread: 參數錯誤。 (0x57)
[1111/122709.546:ERROR:process_reader_win.cc(151)] SuspendThread: 存取被拒。 (0x5)
[1111/122709.546:ERROR:process_reader_win.cc(151)] SuspendThread: 存取被拒。 (0x5)
[1111/122709.546:ERROR:process_reader_win.cc(151)] SuspendThread: 存取被拒。 (0x5)
[1111/122709.546:ERROR:process_reader_win.cc(151)] SuspendThread: 存取被拒。 (0x5)
[1111/122709.546:ERROR:process_reader_win.cc(151)] SuspendThread: 存取被拒。 (0x5)
[1111/122709.546:ERROR:process_reader_win.cc(151)] SuspendThread: 存取被拒。 (0x5)
[1111/122709.546:ERROR:process_reader_win.cc(151)] SuspendThread: 存取被拒。 (0x5)
[1111/122709.546:ERROR:process_reader_win.cc(151)] SuspendThread: 存取被拒。 (0x5)
[1111/122709.546:ERROR:process_reader_win.cc(151)] SuspendThread: 存取被拒。 (0x5)
[1111/122709.546:ERROR:process_reader_win.cc(151)] SuspendThread: 存取被拒。 (0x5)
[1111/122709.546:ERROR:process_reader_win.cc(151)] SuspendThread: 存取被拒。 (0x5)
[1111/122709.546:ERROR:process_reader_win.cc(151)] SuspendThread: 存取被拒。 (0x5)
[1111/122709.546:ERROR:process_reader_win.cc(151)] SuspendThread: 存取被拒。 (0x5)
[1111/122709.546:ERROR:process_reader_win.cc(151)] SuspendThread: 存取被拒。 (0x5)
[1111/122709.546:ERROR:process_reader_win.cc(151)] SuspendThread: 存取被拒。 (0x5)
[1111/122709.546:ERROR:process_reader_win.cc(151)] SuspendThread: 存取被拒。 (0x5)
[1111/122709.546:ERROR:process_reader_win.cc(151)] SuspendThread: 存取被拒。 (0x5)
[1111/122709.546:ERROR:exception_snapshot_win.cc(98)] thread ID 48752 not found in process
[1111/203247.696:ERROR:process_reader_win.cc(123)] NtOpenThread: {拒絕存取} 程序已請求存取一物件，但未被授與存取權。 (0xc0000022)
[1111/203247.696:ERROR:exception_snapshot_win.cc(98)] thread ID 10920 not found in process
[1128/210721.322:ERROR:process_reader_win.cc(151)] SuspendThread: Access is denied. (0x5)
[1128/210721.324:ERROR:process_reader_win.cc(151)] SuspendThread: Access is denied. (0x5)
[1128/210721.324:ERROR:process_reader_win.cc(151)] SuspendThread: Access is denied. (0x5)
[1128/210721.324:ERROR:process_reader_win.cc(151)] SuspendThread: Access is denied. (0x5)
[1128/210721.323:ERROR:process_reader_win.cc(151)] SuspendThread: Access is denied. (0x5)
[1128/210721.324:ERROR:process_reader_win.cc(151)] SuspendThread: Access is denied. (0x5)
[1128/210721.324:ERROR:process_reader_win.cc(151)] SuspendThread: Access is denied. (0x5)
[1128/210721.324:ERROR:process_reader_win.cc(151)] SuspendThread: Access is denied. (0x5)
[1128/210721.324:ERROR:process_reader_win.cc(151)] SuspendThread: Access is denied. (0x5)
[1128/210721.324:ERROR:process_reader_win.cc(151)] SuspendThread: Access is denied. (0x5)
[1128/210721.324:ERROR:process_reader_win.cc(123)] NtOpenThread: {Access Denied} A process has requested access to an object, but has not been granted those access rights. (0xc0000022)
[1128/210721.326:ERROR:exception_snapshot_win.cc(98)] thread ID 6368 not found in process
[1128/210721.324:ERROR:process_reader_win.cc(123)] NtOpenThread: {Access Denied} A process has requested access to an object, but has not been granted those access rights. (0xc0000022)
[1128/210721.327:ERROR:exception_snapshot_win.cc(98)] thread ID 11108 not found in process
[1128/210721.336:ERROR:process_reader_win.cc(151)] SuspendThread: Access is denied. (0x5)
[1128/210721.337:ERROR:process_reader_win.cc(151)] SuspendThread: Access is denied. (0x5)
[1128/210721.337:ERROR:process_reader_win.cc(151)] SuspendThread: Access is denied. (0x5)
[1128/210721.337:ERROR:process_reader_win.cc(151)] SuspendThread: Access is denied. (0x5)
[1128/210721.337:ERROR:process_reader_win.cc(123)] NtOpenThread: {Access Denied} A process has requested access to an object, but has not been granted those access rights. (0xc0000022)
[1128/210721.338:ERROR:exception_snapshot_win.cc(98)] thread ID 3524 not found in process
[1128/214008.388:ERROR:process_reader_win.cc(151)] SuspendThread: Access is denied. (0x5)
[1128/214008.389:ERROR:process_reader_win.cc(151)] SuspendThread: Access is denied. (0x5)
[1128/214008.389:ERROR:process_reader_win.cc(151)] SuspendThread: Access is denied. (0x5)
[1128/214008.389:ERROR:process_reader_win.cc(151)] SuspendThread: Access is denied. (0x5)
[1128/214008.389:ERROR:process_reader_win.cc(151)] SuspendThread: Access is denied. (0x5)
[1128/214008.388:ERROR:process_reader_win.cc(151)] SuspendThread: Access is denied. (0x5)
[1128/214008.389:ERROR:process_reader_win.cc(151)] SuspendThread: Access is denied. (0x5)
[1128/214008.389:ERROR:process_reader_win.cc(151)] SuspendThread: Access is denied. (0x5)
[1128/214008.389:ERROR:process_reader_win.cc(151)] SuspendThread: Access is denied. (0x5)
[1128/214008.389:ERROR:process_reader_win.cc(151)] SuspendThread: Access is denied. (0x5)
[1128/214008.389:ERROR:process_reader_win.cc(123)] NtOpenThread: {Access Denied} A process has requested access to an object, but has not been granted those access rights. (0xc0000022)
[1128/214008.389:ERROR:process_reader_win.cc(123)] NtOpenThread: {Access Denied} A process has requested access to an object, but has not been granted those access rights. (0xc0000022)
[1128/214008.390:ERROR:exception_snapshot_win.cc(98)] thread ID 10320 not found in process
[1128/214008.390:ERROR:exception_snapshot_win.cc(98)] thread ID 10720 not found in process
[1128/221254.713:ERROR:process_reader_win.cc(151)] SuspendThread: Access is denied. (0x5)
[1128/221254.714:ERROR:process_reader_win.cc(151)] SuspendThread: Access is denied. (0x5)
[1128/221254.714:ERROR:process_reader_win.cc(151)] SuspendThread: Access is denied. (0x5)
[1128/221254.714:ERROR:process_reader_win.cc(151)] SuspendThread: Access is denied. (0x5)
[1128/221254.714:ERROR:process_reader_win.cc(151)] SuspendThread: Access is denied. (0x5)
[1128/221254.714:ERROR:process_reader_win.cc(151)] SuspendThread: Access is denied. (0x5)
[1128/221254.714:ERROR:process_reader_win.cc(151)] SuspendThread: Access is denied. (0x5)
[1128/221254.714:ERROR:process_reader_win.cc(151)] SuspendThread: Access is denied. (0x5)
[1128/221254.714:ERROR:process_reader_win.cc(151)] SuspendThread: Access is denied. (0x5)
[1128/221254.714:ERROR:process_reader_win.cc(151)] SuspendThread: Access is denied. (0x5)
[1128/221254.714:ERROR:process_reader_win.cc(151)] SuspendThread: Access is denied. (0x5)
[1128/221254.714:ERROR:process_reader_win.cc(151)] SuspendThread: Access is denied. (0x5)
[1128/221254.714:ERROR:process_reader_win.cc(151)] SuspendThread: Access is denied. (0x5)
[1128/221254.714:ERROR:process_reader_win.cc(151)] SuspendThread: Access is denied. (0x5)
[1128/221254.714:ERROR:process_reader_win.cc(151)] SuspendThread: Access is denied. (0x5)
[1128/221254.715:ERROR:process_reader_win.cc(151)] SuspendThread: Access is denied. (0x5)
[1128/221254.715:ERROR:process_reader_win.cc(151)] SuspendThread: Access is denied. (0x5)
[1128/221254.715:ERROR:process_reader_win.cc(151)] SuspendThread: Access is denied. (0x5)
[1128/221254.715:ERROR:process_reader_win.cc(151)] SuspendThread: Access is denied. (0x5)
[1128/221254.715:ERROR:process_reader_win.cc(151)] SuspendThread: Access is denied. (0x5)
[1128/221254.715:ERROR:process_reader_win.cc(151)] SuspendThread: Access is denied. (0x5)
[1128/221254.715:ERROR:process_reader_win.cc(151)] SuspendThread: Access is denied. (0x5)
[1128/221254.715:ERROR:process_reader_win.cc(151)] SuspendThread: Access is denied. (0x5)
[1128/221254.715:ERROR:process_reader_win.cc(151)] SuspendThread: Access is denied. (0x5)
[1128/221254.715:ERROR:process_reader_win.cc(151)] SuspendThread: Access is denied. (0x5)
[1128/221254.714:ERROR:process_reader_win.cc(151)] SuspendThread: Access is denied. (0x5)
[1128/221254.717:ERROR:process_reader_win.cc(151)] SuspendThread: Access is denied. (0x5)
[1128/221254.717:ERROR:process_reader_win.cc(151)] SuspendThread: Access is denied. (0x5)
[1128/221254.717:ERROR:process_reader_win.cc(151)] SuspendThread: Access is denied. (0x5)
[1128/221254.717:ERROR:process_reader_win.cc(151)] SuspendThread: Access is denied. (0x5)
[1128/221254.717:ERROR:process_reader_win.cc(151)] SuspendThread: Access is denied. (0x5)
[1128/221254.717:ERROR:process_reader_win.cc(151)] SuspendThread: Access is denied. (0x5)
[1128/221254.717:ERROR:process_reader_win.cc(151)] SuspendThread: Access is denied. (0x5)
[1128/221254.717:ERROR:process_reader_win.cc(151)] SuspendThread: Access is denied. (0x5)
[1128/221254.717:ERROR:process_reader_win.cc(151)] SuspendThread: Access is denied. (0x5)
[1128/221254.717:ERROR:process_reader_win.cc(151)] SuspendThread: Access is denied. (0x5)
[1128/221254.717:ERROR:process_reader_win.cc(151)] SuspendThread: Access is denied. (0x5)
[1128/221254.717:ERROR:process_reader_win.cc(151)] SuspendThread: Access is denied. (0x5)
[1128/221254.717:ERROR:process_reader_win.cc(151)] SuspendThread: Access is denied. (0x5)
[1128/221254.717:ERROR:process_reader_win.cc(151)] SuspendThread: Access is denied. (0x5)
[1128/221254.717:ERROR:process_reader_win.cc(151)] SuspendThread: Access is denied. (0x5)
[1128/221254.717:ERROR:process_reader_win.cc(151)] SuspendThread: Access is denied. (0x5)
[1128/221254.717:ERROR:process_reader_win.cc(151)] SuspendThread: Access is denied. (0x5)
[1128/221254.717:ERROR:process_reader_win.cc(151)] SuspendThread: Access is denied. (0x5)
[1128/221254.717:ERROR:process_reader_win.cc(151)] SuspendThread: Access is denied. (0x5)
[1128/221254.717:ERROR:process_reader_win.cc(151)] SuspendThread: Access is denied. (0x5)
[1128/221254.718:ERROR:process_reader_win.cc(151)] SuspendThread: Access is denied. (0x5)
[1128/221254.718:ERROR:process_reader_win.cc(151)] SuspendThread: Access is denied. (0x5)
[1128/221254.718:ERROR:process_reader_win.cc(151)] SuspendThread: Access is denied. (0x5)
[1128/221254.718:ERROR:process_reader_win.cc(151)] SuspendThread: Access is denied. (0x5)
[1128/221254.714:ERROR:process_reader_win.cc(151)] SuspendThread: Access is denied. (0x5)
[1128/221254.718:ERROR:process_reader_win.cc(151)] SuspendThread: Access is denied. (0x5)
[1128/221254.718:ERROR:process_reader_win.cc(151)] SuspendThread: Access is denied. (0x5)
[1128/221254.718:ERROR:process_reader_win.cc(151)] SuspendThread: Access is denied. (0x5)
[1128/221254.718:ERROR:process_reader_win.cc(151)] SuspendThread: Access is denied. (0x5)
[1128/221254.718:ERROR:process_reader_win.cc(151)] SuspendThread: Access is denied. (0x5)
[1128/221254.718:ERROR:process_reader_win.cc(151)] SuspendThread: Access is denied. (0x5)
[1128/221254.718:ERROR:process_reader_win.cc(151)] SuspendThread: Access is denied. (0x5)
[1128/221254.718:ERROR:process_reader_win.cc(151)] SuspendThread: Access is denied. (0x5)
[1128/221254.718:ERROR:process_reader_win.cc(151)] SuspendThread: Access is denied. (0x5)
[1128/221254.718:ERROR:process_reader_win.cc(151)] SuspendThread: Access is denied. (0x5)
[1128/221254.718:ERROR:process_reader_win.cc(151)] SuspendThread: Access is denied. (0x5)
[1128/221254.718:ERROR:process_reader_win.cc(151)] SuspendThread: Access is denied. (0x5)
[1128/221254.718:ERROR:process_reader_win.cc(151)] SuspendThread: Access is denied. (0x5)
[1128/221254.718:ERROR:process_reader_win.cc(151)] SuspendThread: Access is denied. (0x5)
[1128/221254.718:ERROR:process_reader_win.cc(151)] SuspendThread: Access is denied. (0x5)
[1128/221254.718:ERROR:process_reader_win.cc(151)] SuspendThread: Access is denied. (0x5)
[1128/221254.718:ERROR:process_reader_win.cc(151)] SuspendThread: Access is denied. (0x5)
[1128/221254.718:ERROR:process_reader_win.cc(151)] SuspendThread: Access is denied. (0x5)
[1128/221254.718:ERROR:process_reader_win.cc(151)] SuspendThread: Access is denied. (0x5)
[1128/221254.718:ERROR:process_reader_win.cc(151)] SuspendThread: Access is denied. (0x5)
[1128/221254.718:ERROR:process_reader_win.cc(151)] SuspendThread: Access is denied. (0x5)
[1128/221254.718:ERROR:process_reader_win.cc(151)] SuspendThread: Access is denied. (0x5)
[1128/221254.718:ERROR:process_reader_win.cc(151)] SuspendThread: Access is denied. (0x5)
[1128/221254.718:ERROR:process_reader_win.cc(151)] SuspendThread: Access is denied. (0x5)
[1128/221254.718:ERROR:process_reader_win.cc(151)] SuspendThread: Access is denied. (0x5)
[1128/221254.718:ERROR:process_reader_win.cc(151)] SuspendThread: Access is denied. (0x5)
[1128/221254.718:ERROR:process_reader_win.cc(151)] SuspendThread: Access is denied. (0x5)
[1128/221254.719:ERROR:process_reader_win.cc(151)] SuspendThread: Access is denied. (0x5)
[1128/221254.719:ERROR:process_reader_win.cc(151)] SuspendThread: Access is denied. (0x5)
[1128/221254.719:ERROR:process_reader_win.cc(151)] SuspendThread: Access is denied. (0x5)
[1128/221254.719:ERROR:process_reader_win.cc(151)] SuspendThread: Access is denied. (0x5)
[1128/221254.719:ERROR:process_reader_win.cc(151)] SuspendThread: Access is denied. (0x5)
[1128/221254.719:ERROR:process_reader_win.cc(151)] SuspendThread: Access is denied. (0x5)
[1128/221254.719:ERROR:process_reader_win.cc(151)] SuspendThread: Access is denied. (0x5)
[1128/221254.719:ERROR:process_reader_win.cc(151)] SuspendThread: Access is denied. (0x5)
[1128/221254.719:ERROR:process_reader_win.cc(151)] SuspendThread: Access is denied. (0x5)
[1128/221254.721:ERROR:process_reader_win.cc(151)] SuspendThread: Access is denied. (0x5)
[1128/221254.722:ERROR:process_reader_win.cc(151)] SuspendThread: Access is denied. (0x5)
[1128/221254.722:ERROR:process_reader_win.cc(151)] SuspendThread: Access is denied. (0x5)
[1128/221254.722:ERROR:process_reader_win.cc(151)] SuspendThread: Access is denied. (0x5)
[1128/221254.722:ERROR:process_reader_win.cc(151)] SuspendThread: Access is denied. (0x5)
[1128/221254.722:ERROR:process_reader_win.cc(151)] SuspendThread: Access is denied. (0x5)
[1128/221254.722:ERROR:process_reader_win.cc(151)] SuspendThread: Access is denied. (0x5)
[1128/221254.722:ERROR:process_reader_win.cc(151)] SuspendThread: Access is denied. (0x5)
[1128/221254.722:ERROR:process_reader_win.cc(151)] SuspendThread: Access is denied. (0x5)
[1128/221254.722:ERROR:process_reader_win.cc(151)] SuspendThread: Access is denied. (0x5)
[1128/221254.722:ERROR:process_reader_win.cc(151)] SuspendThread: Access is denied. (0x5)
[1128/221254.722:ERROR:process_reader_win.cc(151)] SuspendThread: Access is denied. (0x5)
[1128/221254.722:ERROR:process_reader_win.cc(151)] SuspendThread: Access is denied. (0x5)
[1128/221254.722:ERROR:process_reader_win.cc(151)] SuspendThread: Access is denied. (0x5)
[1128/221254.722:ERROR:process_reader_win.cc(151)] SuspendThread: Access is denied. (0x5)
[1128/221254.722:ERROR:process_reader_win.cc(151)] SuspendThread: Access is denied. (0x5)
[1128/221254.722:ERROR:process_reader_win.cc(151)] SuspendThread: Access is denied. (0x5)
[1128/221254.722:ERROR:process_reader_win.cc(151)] SuspendThread: Access is denied. (0x5)
[1128/221254.722:ERROR:process_reader_win.cc(151)] SuspendThread: Access is denied. (0x5)
[1128/221254.722:ERROR:process_reader_win.cc(151)] SuspendThread: Access is denied. (0x5)
[1128/221254.722:ERROR:process_reader_win.cc(151)] SuspendThread: Access is denied. (0x5)
[1128/221254.722:ERROR:process_reader_win.cc(151)] SuspendThread: Access is denied. (0x5)
[1128/221254.722:ERROR:process_reader_win.cc(151)] SuspendThread: Access is denied. (0x5)
[1128/221254.722:ERROR:process_reader_win.cc(151)] SuspendThread: Access is denied. (0x5)
[1128/221254.722:ERROR:process_reader_win.cc(151)] SuspendThread: Access is denied. (0x5)
[1128/221254.722:ERROR:process_reader_win.cc(151)] SuspendThread: Access is denied. (0x5)
[1128/221254.722:ERROR:process_reader_win.cc(151)] SuspendThread: Access is denied. (0x5)
[1128/221254.722:ERROR:process_reader_win.cc(151)] SuspendThread: Access is denied. (0x5)
[1128/221254.722:ERROR:process_reader_win.cc(151)] SuspendThread: Access is denied. (0x5)
[1128/221254.719:ERROR:process_reader_win.cc(123)] NtOpenThread: {Access Denied} A process has requested access to an object, but has not been granted those access rights. (0xc0000022)
[1128/221254.722:ERROR:process_reader_win.cc(123)] NtOpenThread: {Access Denied} A process has requested access to an object, but has not been granted those access rights. (0xc0000022)
[1128/221254.715:ERROR:process_reader_win.cc(123)] NtOpenThread: {Access Denied} A process has requested access to an object, but has not been granted those access rights. (0xc0000022)
[1128/221254.730:ERROR:exception_snapshot_win.cc(98)] thread ID 13948 not found in process
[1128/221254.718:ERROR:process_reader_win.cc(123)] NtOpenThread: {Access Denied} A process has requested access to an object, but has not been granted those access rights. (0xc0000022)
[1128/221254.730:ERROR:exception_snapshot_win.cc(98)] thread ID 12708 not found in process
[1128/221254.730:ERROR:exception_snapshot_win.cc(98)] thread ID 11256 not found in process
[1128/221254.730:ERROR:exception_snapshot_win.cc(98)] thread ID 10756 not found in process
[1128/225616.306:ERROR:process_reader_win.cc(151)] SuspendThread: Access is denied. (0x5)
[1128/225616.307:ERROR:process_reader_win.cc(151)] SuspendThread: Access is denied. (0x5)
[1128/225616.307:ERROR:process_reader_win.cc(151)] SuspendThread: Access is denied. (0x5)
[1128/225616.307:ERROR:process_reader_win.cc(151)] SuspendThread: Access is denied. (0x5)
[1128/225616.307:ERROR:process_reader_win.cc(151)] SuspendThread: Access is denied. (0x5)
[1128/225616.307:ERROR:process_reader_win.cc(151)] SuspendThread: Access is denied. (0x5)
[1128/225616.307:ERROR:process_reader_win.cc(151)] SuspendThread: Access is denied. (0x5)
[1128/225616.307:ERROR:process_reader_win.cc(151)] SuspendThread: Access is denied. (0x5)
[1128/225616.307:ERROR:process_reader_win.cc(151)] SuspendThread: Access is denied. (0x5)
[1128/225616.307:ERROR:process_reader_win.cc(151)] SuspendThread: Access is denied. (0x5)
[1128/225616.309:ERROR:process_reader_win.cc(151)] SuspendThread: Access is denied. (0x5)
[1128/225616.310:ERROR:process_reader_win.cc(151)] SuspendThread: Access is denied. (0x5)
[1128/225616.310:ERROR:process_reader_win.cc(151)] SuspendThread: Access is denied. (0x5)
[1128/225616.310:ERROR:process_reader_win.cc(151)] SuspendThread: Access is denied. (0x5)
[1128/225616.310:ERROR:process_reader_win.cc(151)] SuspendThread: Access is denied. (0x5)
[1128/225616.310:ERROR:process_reader_win.cc(151)] SuspendThread: Access is denied. (0x5)
[1128/225616.310:ERROR:process_reader_win.cc(151)] SuspendThread: Access is denied. (0x5)
[1128/225616.310:ERROR:process_reader_win.cc(151)] SuspendThread: Access is denied. (0x5)
[1128/225616.310:ERROR:process_reader_win.cc(151)] SuspendThread: Access is denied. (0x5)
[1128/225616.310:ERROR:process_reader_win.cc(151)] SuspendThread: Access is denied. (0x5)
[1128/225616.310:ERROR:process_reader_win.cc(151)] SuspendThread: Access is denied. (0x5)
[1128/225616.310:ERROR:process_reader_win.cc(151)] SuspendThread: Access is denied. (0x5)
[1128/225616.310:ERROR:process_reader_win.cc(151)] SuspendThread: Access is denied. (0x5)
[1128/225616.310:ERROR:process_reader_win.cc(151)] SuspendThread: Access is denied. (0x5)
[1128/225616.310:ERROR:process_reader_win.cc(151)] SuspendThread: Access is denied. (0x5)
[1128/225616.310:ERROR:process_reader_win.cc(151)] SuspendThread: Access is denied. (0x5)
[1128/225616.310:ERROR:process_reader_win.cc(151)] SuspendThread: Access is denied. (0x5)
[1128/225616.310:ERROR:process_reader_win.cc(151)] SuspendThread: Access is denied. (0x5)
[1128/225616.310:ERROR:process_reader_win.cc(151)] SuspendThread: Access is denied. (0x5)
[1128/225616.310:ERROR:process_reader_win.cc(151)] SuspendThread: Access is denied. (0x5)
[1128/225616.310:ERROR:process_reader_win.cc(151)] SuspendThread: Access is denied. (0x5)
[1128/225616.310:ERROR:process_reader_win.cc(151)] SuspendThread: Access is denied. (0x5)
[1128/225616.310:ERROR:process_reader_win.cc(151)] SuspendThread: Access is denied. (0x5)
[1128/225616.312:ERROR:process_reader_win.cc(151)] SuspendThread: Access is denied. (0x5)
[1128/225616.313:ERROR:process_reader_win.cc(151)] SuspendThread: Access is denied. (0x5)
[1128/225616.313:ERROR:process_reader_win.cc(151)] SuspendThread: Access is denied. (0x5)
[1128/225616.313:ERROR:process_reader_win.cc(151)] SuspendThread: Access is denied. (0x5)
[1128/225616.314:ERROR:process_reader_win.cc(151)] SuspendThread: Access is denied. (0x5)
[1128/225616.314:ERROR:process_reader_win.cc(151)] SuspendThread: Access is denied. (0x5)
[1128/225616.314:ERROR:process_reader_win.cc(151)] SuspendThread: Access is denied. (0x5)
[1128/225616.314:ERROR:process_reader_win.cc(151)] SuspendThread: Access is denied. (0x5)
[1128/225616.314:ERROR:process_reader_win.cc(151)] SuspendThread: Access is denied. (0x5)
[1128/225616.314:ERROR:process_reader_win.cc(151)] SuspendThread: Access is denied. (0x5)
[1128/225616.314:ERROR:process_reader_win.cc(151)] SuspendThread: Access is denied. (0x5)
[1128/225616.314:ERROR:process_reader_win.cc(151)] SuspendThread: Access is denied. (0x5)
[1128/225616.314:ERROR:process_reader_win.cc(151)] SuspendThread: Access is denied. (0x5)
[1128/225616.314:ERROR:process_reader_win.cc(151)] SuspendThread: Access is denied. (0x5)
[1128/225616.314:ERROR:process_reader_win.cc(151)] SuspendThread: Access is denied. (0x5)
[1128/225616.314:ERROR:process_reader_win.cc(151)] SuspendThread: Access is denied. (0x5)
[1128/225616.314:ERROR:process_reader_win.cc(151)] SuspendThread: Access is denied. (0x5)
[1128/225616.314:ERROR:process_reader_win.cc(151)] SuspendThread: Access is denied. (0x5)
[1128/225616.314:ERROR:process_reader_win.cc(151)] SuspendThread: Access is denied. (0x5)
[1128/225616.314:ERROR:process_reader_win.cc(151)] SuspendThread: Access is denied. (0x5)
[1128/225616.314:ERROR:process_reader_win.cc(151)] SuspendThread: Access is denied. (0x5)
[1128/225616.314:ERROR:process_reader_win.cc(151)] SuspendThread: Access is denied. (0x5)
[1128/225616.314:ERROR:process_reader_win.cc(151)] SuspendThread: Access is denied. (0x5)
[1128/225616.314:ERROR:process_reader_win.cc(151)] SuspendThread: Access is denied. (0x5)
[1128/225616.314:ERROR:process_reader_win.cc(151)] SuspendThread: Access is denied. (0x5)
[1128/225616.314:ERROR:process_reader_win.cc(151)] SuspendThread: Access is denied. (0x5)
[1128/225616.314:ERROR:process_reader_win.cc(151)] SuspendThread: Access is denied. (0x5)
[1128/225616.314:ERROR:process_reader_win.cc(151)] SuspendThread: Access is denied. (0x5)
[1128/225616.314:ERROR:process_reader_win.cc(151)] SuspendThread: Access is denied. (0x5)
[1128/225616.314:ERROR:process_reader_win.cc(151)] SuspendThread: Access is denied. (0x5)
[1128/225616.310:ERROR:process_reader_win.cc(123)] NtOpenThread: {Access Denied} A process has requested access to an object, but has not been granted those access rights. (0xc0000022)
[1128/225616.314:ERROR:process_reader_win.cc(123)] NtOpenThread: {Access Denied} A process has requested access to an object, but has not been granted those access rights. (0xc0000022)
[1128/225616.319:ERROR:exception_snapshot_win.cc(98)] thread ID 12012 not found in process
[1128/225616.319:ERROR:exception_snapshot_win.cc(98)] thread ID 4820 not found in process
[1128/225616.307:ERROR:process_reader_win.cc(123)] NtOpenThread: {Access Denied} A process has requested access to an object, but has not been granted those access rights. (0xc0000022)
[1128/225616.322:ERROR:exception_snapshot_win.cc(98)] thread ID 14264 not found in process
[1128/231437.217:ERROR:process_reader_win.cc(151)] SuspendThread: Access is denied. (0x5)
[1128/231437.227:ERROR:process_reader_win.cc(151)] SuspendThread: Access is denied. (0x5)
[1128/231437.227:ERROR:process_reader_win.cc(151)] SuspendThread: Access is denied. (0x5)
[1128/231437.227:ERROR:process_reader_win.cc(151)] SuspendThread: Access is denied. (0x5)
[1128/231437.227:ERROR:process_reader_win.cc(123)] NtOpenThread: {Access Denied} A process has requested access to an object, but has not been granted those access rights. (0xc0000022)
[1128/231437.230:ERROR:exception_snapshot_win.cc(98)] thread ID 10988 not found in process
[1128/231437.263:ERROR:process_reader_win.cc(151)] SuspendThread: Access is denied. (0x5)
[1128/231437.266:ERROR:process_reader_win.cc(151)] SuspendThread: Access is denied. (0x5)
[1128/231437.267:ERROR:process_reader_win.cc(151)] SuspendThread: Access is denied. (0x5)
[1128/231437.267:ERROR:process_reader_win.cc(123)] NtOpenThread: {Access Denied} A process has requested access to an object, but has not been granted those access rights. (0xc0000022)
[1128/231437.319:ERROR:exception_snapshot_win.cc(98)] thread ID 7240 not found in process
[1128/231445.554:ERROR:process_reader_win.cc(151)] SuspendThread: Access is denied. (0x5)
[1128/231445.555:ERROR:process_reader_win.cc(151)] SuspendThread: Access is denied. (0x5)
[1128/231445.555:ERROR:process_reader_win.cc(151)] SuspendThread: Access is denied. (0x5)
[1128/231445.555:ERROR:process_reader_win.cc(151)] SuspendThread: Access is denied. (0x5)
[1128/231445.555:ERROR:process_reader_win.cc(151)] SuspendThread: Access is denied. (0x5)
[1128/231445.555:ERROR:process_reader_win.cc(151)] SuspendThread: Access is denied. (0x5)
[1128/231445.555:ERROR:process_reader_win.cc(151)] SuspendThread: Access is denied. (0x5)
[1128/231445.556:ERROR:process_reader_win.cc(151)] SuspendThread: Access is denied. (0x5)
[1128/231445.556:ERROR:process_reader_win.cc(151)] SuspendThread: Access is denied. (0x5)
[1128/231445.556:ERROR:process_reader_win.cc(151)] SuspendThread: Access is denied. (0x5)
[1128/231445.556:ERROR:process_reader_win.cc(151)] SuspendThread: Access is denied. (0x5)
[1128/231445.556:ERROR:process_reader_win.cc(151)] SuspendThread: Access is denied. (0x5)
[1128/231445.556:ERROR:process_reader_win.cc(151)] SuspendThread: Access is denied. (0x5)
[1128/231445.556:ERROR:process_reader_win.cc(151)] SuspendThread: Access is denied. (0x5)
[1128/231445.556:ERROR:process_reader_win.cc(151)] SuspendThread: Access is denied. (0x5)
[1128/231445.556:ERROR:process_reader_win.cc(151)] SuspendThread: Access is denied. (0x5)
[1128/231445.556:ERROR:process_reader_win.cc(151)] SuspendThread: Access is denied. (0x5)
[1128/231445.556:ERROR:process_reader_win.cc(151)] SuspendThread: Access is denied. (0x5)
[1128/231445.556:ERROR:process_reader_win.cc(151)] SuspendThread: Access is denied. (0x5)
[1128/231445.556:ERROR:process_reader_win.cc(151)] SuspendThread: Access is denied. (0x5)
[1128/231445.556:ERROR:process_reader_win.cc(151)] SuspendThread: Access is denied. (0x5)
[1128/231445.556:ERROR:process_reader_win.cc(151)] SuspendThread: Access is denied. (0x5)
[1128/231445.556:ERROR:process_reader_win.cc(151)] SuspendThread: Access is denied. (0x5)
[1128/231445.556:ERROR:process_reader_win.cc(151)] SuspendThread: Access is denied. (0x5)
[1128/231445.556:ERROR:process_reader_win.cc(151)] SuspendThread: Access is denied. (0x5)
[1128/231445.556:ERROR:process_reader_win.cc(151)] SuspendThread: Access is denied. (0x5)
[1128/231445.556:ERROR:process_reader_win.cc(151)] SuspendThread: Access is denied. (0x5)
[1128/231445.556:ERROR:process_reader_win.cc(151)] SuspendThread: Access is denied. (0x5)
[1128/231445.556:ERROR:process_reader_win.cc(151)] SuspendThread: Access is denied. (0x5)
[1128/231445.556:ERROR:process_reader_win.cc(151)] SuspendThread: Access is denied. (0x5)
[1128/231445.556:ERROR:process_reader_win.cc(151)] SuspendThread: Access is denied. (0x5)
[1128/231445.556:ERROR:process_reader_win.cc(151)] SuspendThread: Access is denied. (0x5)
[1128/231445.556:ERROR:process_reader_win.cc(151)] SuspendThread: Access is denied. (0x5)
[1128/231445.556:ERROR:process_reader_win.cc(151)] SuspendThread: Access is denied. (0x5)
[1128/231445.556:ERROR:process_reader_win.cc(151)] SuspendThread: Access is denied. (0x5)
[1128/231445.556:ERROR:process_reader_win.cc(151)] SuspendThread: Access is denied. (0x5)
[1128/231445.556:ERROR:process_reader_win.cc(151)] SuspendThread: Access is denied. (0x5)
[1128/231445.556:ERROR:process_reader_win.cc(151)] SuspendThread: Access is denied. (0x5)
[1128/231445.556:ERROR:process_reader_win.cc(151)] SuspendThread: Access is denied. (0x5)
[1128/231445.556:ERROR:process_reader_win.cc(151)] SuspendThread: Access is denied. (0x5)
[1128/231445.556:ERROR:process_reader_win.cc(123)] NtOpenThread: {Access Denied} A process has requested access to an object, but has not been granted those access rights. (0xc0000022)
[1128/231445.557:ERROR:exception_snapshot_win.cc(98)] thread ID 13388 not found in process
